Error: Request failed with status code 401
    at createError (/home/sandworm/Workspace/binance-algo/node_modules/axios/lib/core/createError.js:16:15)
    at settle (/home/sandworm/Workspace/binance-algo/node_modules/axios/lib/core/settle.js:17:12)
    at IncomingMessage.handleStreamEnd (/home/sandworm/Workspace/binance-algo/node_modules/axios/lib/adapters/http.js:260:11)
    at IncomingMessage.emit (node:events:406:35)
    at endReadableNT (node:internal/streams/readable:1348:12)
    at processTicksAndRejections (node:internal/process/task_queues:83:21) {
  config: {
    url: '/api/v3/order?quantity=1&symbol=ETHUSDT&side=BUY&type=LIMIT&timestamp=1630788799923&signature=d050a1d4c872149fbca30a664ce2363da4b4452d825eb728967de79277a83e1c',
    method: 'post',
    headers: {
      Accept: 'application/json, text/plain, */*',
      'Content-Type': 'application/json',
      'X-MBX-APIKEY': '7t6tdy9xIPLBRciEkSmuxgGkUMweCI0pfPNaGBPs9esnqhZuw8OgHX0ZPdC5aA8w',
      'User-Agent': '@binance/connector-node/1.2.0'
    },
    baseURL: 'https://api.binance.com',
    transformRequest: [ [Function: transformRequest] ],
    transformResponse: [ [Function: transformResponse] ],
    timeout: 0,
    adapter: [Function: httpAdapter],
    xsrfCookieName: 'XSRF-TOKEN',
    xsrfHeaderName: 'X-XSRF-TOKEN',
    maxContentLength: -1,
    maxBodyLength: -1,
    validateStatus: [Function: validateStatus],
    data: undefined
  },
  request: <ref *1> ClientRequest {
    _events: [Object: null prototype] {
      abort: [Function (anonymous)],
      aborted: [Function (anonymous)],
      connect: [Function (anonymous)],
      error: [Function (anonymous)],
      socket: [Function (anonymous)],
      timeout: [Function (anonymous)],
      prefinish: [Function: requestOnPrefinish]
    },
    _eventsCount: 7,
    _maxListeners: undefined,
    outputData: [],
    outputSize: 0,
    writable: true,
    destroyed: false,
    _last: true,
    chunkedEncoding: false,
    shouldKeepAlive: false,
    _defaultKeepAlive: true,
    useChunkedEncodingByDefault: true,
    sendDate: false,
    _removedConnection: false,
    _removedContLen: false,
    _removedTE: false,
    _contentLength: 0,
    _hasBody: true,
    _trailer: '',
    finished: true,
    _headerSent: true,
    _closed: false,
    socket: TLSSocket {
      _tlsOptions: [Object],
      _secureEstablished: true,
      _securePending: false,
      _newSessionPending: false,
      _controlReleased: true,
      secureConnecting: false,
      _SNICallback: null,
      servername: 'api.binance.com',
      alpnProtocol: false,
      authorized: true,
      authorizationError: null,
      encrypted: true,
      _events: [Object: null prototype],
      _eventsCount: 10,
      connecting: false,
      _hadError: false,
      _parent: null,
      _host: 'api.binance.com',
      _readableState: [ReadableState],
      _maxListeners: undefined,
      _writableState: [WritableState],
      allowHalfOpen: false,
      _sockname: null,
      _pendingData: null,
      _pendingEncoding: '',
      server: undefined,
      _server: null,
      ssl: [TLSWrap],
      _requestCert: true,
      _rejectUnauthorized: true,
      parser: null,
      _httpMessage: [Circular *1],
      [Symbol(res)]: [TLSWrap],
      [Symbol(verified)]: true,
      [Symbol(pendingSession)]: null,
      [Symbol(async_id_symbol)]: 29,
      [Symbol(kHandle)]: [TLSWrap],
      [Symbol(kSetNoDelay)]: false,
      [Symbol(lastWriteQueueSize)]: 0,
      [Symbol(timeout)]: null,
      [Symbol(kBuffer)]: null,
      [Symbol(kBufferCb)]: null,
      [Symbol(kBufferGen)]: null,
      [Symbol(kCapture)]: false,
      [Symbol(kBytesRead)]: 0,
      [Symbol(kBytesWritten)]: 0,
      [Symbol(connect-options)]: [Object],
      [Symbol(RequestTimeout)]: undefined
    },
    _header: 'POST /api/v3/order?quantity=1&symbol=ETHUSDT&side=BUY&type=LIMIT&timestamp=1630788799923&signature=d050a1d4c872149fbca30a664ce2363da4b4452d825eb728967de79277a83e1c HTTP/1.1\r\n' +
      'Accept: application/json, text/plain, */*\r\n' +
      'Content-Type: application/json\r\n' +
      'X-MBX-APIKEY: 7t6tdy9xIPLBRciEkSmuxgGkUMweCI0pfPNaGBPs9esnqhZuw8OgHX0ZPdC5aA8w\r\n' +
      'User-Agent: @binance/connector-node/1.2.0\r\n' +
      'Host: api.binance.com\r\n' +
      'Connection: close\r\n' +
      'Content-Length: 0\r\n' +
      '\r\n',
    _keepAliveTimeout: 0,
    _onPendingData: [Function: nop],
    agent: Agent {
      _events: [Object: null prototype],
      _eventsCount: 2,
      _maxListeners: undefined,
      defaultPort: 443,
      protocol: 'https:',
      options: [Object: null prototype],
      requests: [Object: null prototype] {},
      sockets: [Object: null prototype],
      freeSockets: [Object: null prototype] {},
      keepAliveMsecs: 1000,
      keepAlive: false,
      maxSockets: Infinity,
      maxFreeSockets: 256,
      scheduling: 'lifo',
      maxTotalSockets: Infinity,
      totalSocketCount: 1,
      maxCachedSessions: 100,
      _sessionCache: [Object],
      [Symbol(kCapture)]: false
    },
    socketPath: undefined,
    method: 'POST',
    maxHeaderSize: undefined,
    insecureHTTPParser: undefined,
    path: '/api/v3/order?quantity=1&symbol=ETHUSDT&side=BUY&type=LIMIT&timestamp=1630788799923&signature=d050a1d4c872149fbca30a664ce2363da4b4452d825eb728967de79277a83e1c',
    _ended: true,
    res: IncomingMessage {
      _readableState: [ReadableState],
      _events: [Object: null prototype],
      _eventsCount: 3,
      _maxListeners: undefined,
      socket: [TLSSocket],
      httpVersionMajor: 1,
      httpVersionMinor: 1,
      httpVersion: '1.1',
      complete: true,
      rawHeaders: [Array],
      rawTrailers: [],
      aborted: false,
      upgrade: false,
      url: '',
      method: null,
      statusCode: 401,
      statusMessage: 'Unauthorized',
      client: [TLSSocket],
      _consuming: false,
      _dumped: false,
      req: [Circular *1],
      responseUrl: 'https://api.binance.com/api/v3/order?quantity=1&symbol=ETHUSDT&side=BUY&type=LIMIT&timestamp=1630788799923&signature=d050a1d4c872149fbca30a664ce2363da4b4452d825eb728967de79277a83e1c',
      redirects: [],
      [Symbol(kCapture)]: false,
      [Symbol(kHeaders)]: [Object],
      [Symbol(kHeadersCount)]: 44,
      [Symbol(kTrailers)]: null,
      [Symbol(kTrailersCount)]: 0,
      [Symbol(RequestTimeout)]: undefined
    },
    aborted: false,
    timeoutCb: null,
    upgradeOrConnect: false,
    parser: null,
    maxHeadersCount: null,
    reusedSocket: false,
    host: 'api.binance.com',
    protocol: 'https:',
    _redirectable: Writable {
      _writableState: [WritableState],
      _events: [Object: null prototype],
      _eventsCount: 2,
      _maxListeners: undefined,
      _options: [Object],
      _ended: true,
      _ending: true,
      _redirectCount: 0,
      _redirects: [],
      _requestBodyLength: 0,
      _requestBodyBuffers: [],
      _onNativeResponse: [Function (anonymous)],
      _currentRequest: [Circular *1],
      _currentUrl: 'https://api.binance.com/api/v3/order?quantity=1&symbol=ETHUSDT&side=BUY&type=LIMIT&timestamp=1630788799923&signature=d050a1d4c872149fbca30a664ce2363da4b4452d825eb728967de79277a83e1c',
      [Symbol(kCapture)]: false
    },
    [Symbol(kCapture)]: false,
    [Symbol(kNeedDrain)]: false,
    [Symbol(corked)]: 0,
    [Symbol(kOutHeaders)]: [Object: null prototype] {
      accept: [Array],
      'content-type': [Array],
      'x-mbx-apikey': [Array],
      'user-agent': [Array],
      host: [Array]
    }
  },
  response: {
    status: 401,
    statusText: 'Unauthorized',
    headers: {
      'content-type': 'application/json;charset=UTF-8',
      'content-length': '70',
      connection: 'close',
      date: 'Sat, 04 Sep 2021 20:53:20 GMT',
      server: 'nginx',
      'x-mbx-uuid': 'c56086b5-205b-46a7-9c25-e20cdfd508d7',
      'x-mbx-used-weight': '1',
      'x-mbx-used-weight-1m': '1',
      'strict-transport-security': 'max-age=31536000; includeSubdomains',
      'x-frame-options': 'SAMEORIGIN',
      'x-xss-protection': '1; mode=block',
      'x-content-type-options': 'nosniff',
      'content-security-policy': "default-src 'self'",
      'x-content-security-policy': "default-src 'self'",
      'x-webkit-csp': "default-src 'self'",
      'cache-control': 'no-cache, no-store, must-revalidate',
      pragma: 'no-cache',
      expires: '0',
      'x-cache': 'Error from cloudfront',
      via: '1.1 38cc7bfda72a51992e6c8fdd562a6bc7.cloudfront.net (CloudFront)',
      'x-amz-cf-pop': 'AKL50-C1',
      'x-amz-cf-id': 'PmGs6QvMihC-A37we6Hp8FCCBc_bn9NZ_Ay49_IFrHHCwoiGub3rnw=='
    },
    config: {
      url: '/api/v3/order?quantity=1&symbol=ETHUSDT&side=BUY&type=LIMIT&timestamp=1630788799923&signature=d050a1d4c872149fbca30a664ce2363da4b4452d825eb728967de79277a83e1c',
      method: 'post',
      headers: [Object],
      baseURL: 'https://api.binance.com',
      transformRequest: [Array],
      transformResponse: [Array],
      timeout: 0,
      adapter: [Function: httpAdapter],
      xsrfCookieName: 'XSRF-TOKEN',
      xsrfHeaderName: 'X-XSRF-TOKEN',
      maxContentLength: -1,
      maxBodyLength: -1,
      validateStatus: [Function: validateStatus],
      data: undefined
    },
    request: <ref *1> ClientRequest {
      _events: [Object: null prototype],
      _eventsCount: 7,
      _maxListeners: undefined,
      outputData: [],
      outputSize: 0,
      writable: true,
      destroyed: false,
      _last: true,
      chunkedEncoding: false,
      shouldKeepAlive: false,
      _defaultKeepAlive: true,
      useChunkedEncodingByDefault: true,
      sendDate: false,
      _removedConnection: false,
      _removedContLen: false,
      _removedTE: false,
      _contentLength: 0,
      _hasBody: true,
      _trailer: '',
      finished: true,
      _headerSent: true,
      _closed: false,
      socket: [TLSSocket],
      _header: 'POST /api/v3/order?quantity=1&symbol=ETHUSDT&side=BUY&type=LIMIT&timestamp=1630788799923&signature=d050a1d4c872149fbca30a664ce2363da4b4452d825eb728967de79277a83e1c HTTP/1.1\r\n' +
        'Accept: application/json, text/plain, */*\r\n' +
        'Content-Type: application/json\r\n' +
        'X-MBX-APIKEY: 7t6tdy9xIPLBRciEkSmuxgGkUMweCI0pfPNaGBPs9esnqhZuw8OgHX0ZPdC5aA8w\r\n' +
        'User-Agent: @binance/connector-node/1.2.0\r\n' +
        'Host: api.binance.com\r\n' +
        'Connection: close\r\n' +
        'Content-Length: 0\r\n' +
        '\r\n',
      _keepAliveTimeout: 0,
      _onPendingData: [Function: nop],
      agent: [Agent],
      socketPath: undefined,
      method: 'POST',
      maxHeaderSize: undefined,
      insecureHTTPParser: undefined,
      path: '/api/v3/order?quantity=1&symbol=ETHUSDT&side=BUY&type=LIMIT&timestamp=1630788799923&signature=d050a1d4c872149fbca30a664ce2363da4b4452d825eb728967de79277a83e1c',
      _ended: true,
      res: [IncomingMessage],
      aborted: false,
      timeoutCb: null,
      upgradeOrConnect: false,
      parser: null,
      maxHeadersCount: null,
      reusedSocket: false,
      host: 'api.binance.com',
      protocol: 'https:',
      _redirectable: [Writable],
      [Symbol(kCapture)]: false,
      [Symbol(kNeedDrain)]: false,
      [Symbol(corked)]: 0,
      [Symbol(kOutHeaders)]: [Object: null prototype]
    },
    data: {
      code: -2015,
      msg: 'Invalid API-key, IP, or permissions for action.'
    }
  },
  isAxiosError: true,
  toJSON: [Function: toJSON]
}
